<?xml version="1.0" encoding="UTF-8"?>
<testng-results ignored="0" total="1" passed="1" failed="0" skipped="0">
  <reporter-output>
  </reporter-output>
  <suite started-at="2025-09-23T19:11:23 IST" name="AllureDemoSuite" finished-at="2025-09-23T19:11:23 IST" duration-ms="373">
    <groups>
    </groups>
    <test started-at="2025-09-23T19:11:23 IST" name="AllureDemoTests" finished-at="2025-09-23T19:11:23 IST" duration-ms="373">
      <class name="com.example.AppTest">
        <test-method signature="testAddition()[pri:0, instance:com.example.AppTest@434a63ab]" started-at="2025-09-23T19:11:23 IST" name="testAddition" finished-at="2025-09-23T19:11:23 IST" duration-ms="217" status="PASS">
          <reporter-output>
          </reporter-output>
        </test-method> <!-- testAddition -->
      </class> <!-- com.example.AppTest -->
    </test> <!-- AllureDemoTests -->
  </suite> <!-- AllureDemoSuite -->
</testng-results>
