<?xml version="1.0" encoding="UTF-8"?>
<testng-results ignored="0" total="1" passed="1" failed="0" skipped="0">
  <reporter-output>
  </reporter-output>
  <suite started-at="2025-09-24T11:15:02 IST" name="AllureDemoSuite" finished-at="2025-09-24T11:15:02 IST" duration-ms="249">
    <groups>
    </groups>
    <test started-at="2025-09-24T11:15:02 IST" name="AllureDemoTests" finished-at="2025-09-24T11:15:02 IST" duration-ms="249">
      <class name="com.example.AppTest">
        <test-method signature="testsubstraction()[pri:0, instance:com.example.AppTest@5b03b9fe]" started-at="2025-09-24T11:15:02 IST" name="testsubstraction" finished-at="2025-09-24T11:15:02 IST" duration-ms="109" status="PASS">
          <reporter-output>
          </reporter-output>
        </test-method> <!-- testsubstraction -->
      </class> <!-- com.example.AppTest -->
    </test> <!-- AllureDemoTests -->
  </suite> <!-- AllureDemoSuite -->
</testng-results>
